#
# There is insufficient memory for the Java Runtime Environment to continue.
# Native memory allocation (mmap) failed to map 268435456 bytes. Error detail: G1 virtual space
# Possible reasons:
#   The system is out of physical RAM or swap space
#   This process is running with CompressedOops enabled, and the Java Heap may be blocking the growth of the native heap
# Possible solutions:
#   Reduce memory load on the system
#   Increase physical memory or swap space
#   Check if swap backing store is full
#   Decrease Java heap size (-Xmx/-Xms)
#   Decrease number of Java threads
#   Decrease Java thread stack sizes (-Xss)
#   Set larger code cache with -XX:ReservedCodeCacheSize=
#   JVM is running with Zero Based Compressed Oops mode in which the Java heap is
#     placed in the first 32GB address space. The Java Heap base address is the
#     maximum limit for the native heap growth. Please use -XX:HeapBaseMinAddress
#     to set the Java Heap base and to place the Java Heap above 32GB virtual address.
# This output file may be truncated or incomplete.
#
#  Out of Memory Error (os_windows.cpp:3631), pid=7228, tid=33032
#
# JRE version:  (22.0.1+8) (build )
# Java VM: Java HotSpot(TM) 64-Bit Server VM (22.0.1+8-16, mixed mode, sharing, tiered, compressed oops, compressed class ptrs, g1 gc, windows-amd64)
# No core dump will be written. Minidumps are not enabled by default on client versions of Windows
#

---------------  S U M M A R Y ------------

Command Line: -Dnet.bytebuddy.agent.attacher.dump= net.bytebuddy.agent.Attacher com.sun.tools.attach.VirtualMachine 21216 C:\Users\darka\.m2\repository\net\bytebuddy\byte-buddy-agent\1.14.16\byte-buddy-agent-1.14.16.jar false 

Host: Intel(R) Core(TM) i7-5700HQ CPU @ 2.70GHz, 8 cores, 15G,  Windows 10 , 64 bit Build 19041 (10.0.19041.3636)
Time: Wed Jun 26 17:42:01 2024 Paris, Madrid (heure duild 19041 (10.0.19041.3636) elapsed time: 0.039359 seconds (0d 0h 0m 0s)

---------------  T H R E A D  ---------------

Current thread (0x0000024bf87a0320):  JavaThread "Unknown thread" [_thread_in_vm, id=33032, stack(0x0000004c1bd00000,0x0000004c1be00000) (1024K)]

Stack: [0x0000004c1bd00000,0x0000004c1be00000]
Native frames: (J=compiled Java code, j=interpreted, Vv=VM code, C=native code)
V  [jvm.dll+0x6e2279]  (no source info available)
V  [jvm.dll+0x874e33]  (no source info available)
V  [jvm.dll+0x87725e]  (no source info available)
V  [jvm.dll+0x877933]  (no source info available)
V  [jvm.dll+0x27fd76]  (no source info available)
V  [jvm.dll+0x6de915]  (no source info available)
V  [jvm.dll+0x6d341a]  (no source info available)
V  [jvm.dll+0x3589da]  (no source info available)
V  [jvm.dll+0x360f06]  (no source info available)
V  [jvm.dll+0x3b3e2e]  (no source info available)
V  [jvm.dll+0x3b40d8]  (no source info available)
V  [jvm.dll+0x32c59c]  (no source info available)
V  [jvm.dll+0x32d158]  (no source info available)
V  [jvm.dll+0x83ccdc]  (no source info available)
V  [jvm.dll+0x3c0d71]  (no source info available)
V  [jvm.dll+0x825ccc]  (no source info available)
V  [jvm.dll+0x45b8fe]  (no source info available)
V  [jvm.dll+0x45d781]  (no source info available)
C  [jli.dll+0x52a3]  (no source info available)
C  [ucrtbase.dll+0x21bb2]  (no source info available)
C  [KERNEL32.DLL+0x17344]  (no source info available)
C  [ntdll.dll+0x4cc91]  (no source info available)


---------------  P R O C E S S  ---------------

Threads class SMR info:
_java_thread_list=0x00007fffb56cb1c8, length=0, elements={
}

Java Threads: ( => current thread )
Total: 0

Other Threads:
  0x0000024bf8e429d0 WorkerThread "GC Thread#0"                     [id=8436, stack(0x0000004c1be00000,0x0000004c1bf00000) (1024K)]
  0x0000024bf8e538c0 ConcurrentGCThread "G1 Main Marker"            [id=25096, stack(0x0000004c1bf00000,0x0000004c1c000000) (1024K)]
  0x0000024bf8e54a80 WorkerThread "G1 Conc#0"                       [id=10544, stack(0x0000004c1c000000,0x0000004c1c100000) (1024K)]

[error occurred during error reporting (printing all threads), id 0xc0000005, EXCEPTION_ACCESS_VIOLATION (0xc0000005) at pc=0x00007fffb4e1f367]
VM state: not at safepoint (not fully initialized)

VM Mutex/Monitor currently owned by a thread:  ([mutex/lock_event])
[0x00007fffb574bcb8] Heap_lock - owner thread: 0x0000024bf87a0320

Heap address: 0x0000000701c00000, size: 4068 MB, Compressed Oops mode: Zero based, Oop shift amount: 3

CDS archive(s) mapped at: [0x0000000000000000-0x0000000000000000-0x0000000000000000), size 0, SharedBaseAddress: 0x0000000800000000, ArchiveRelocationMode: 1.
Narrow klass base: 0x0000000000000000, Narrow klass shift: 0, Narrow klass range: 0x0

GC Precious Log:
 CardTable entry size: 512
 Card Set container configuration: InlinePtr #cards 4 size 8 Array Of Cards #cards 16 size 48 Howl #buckets 8 coarsen threshold 3686 Howl Bitmap #cards 512 size 80 coarsen threshold 460 Card regions per heap region 1 cards per card region 4096

Heap:
 garbage-first heap   total reserved 4165632K, committed 0K, used 0K [0x0000000701c00000, 0x0000000800000000)
  region size 2048K, 0 young (0K), 0 survivors (0K)

[error occurred during error reporting (printing heap information), id 0xc0000005, EXCEPTION_ACCESS_VIOLATION (0xc0000005) at pc=0x00007fffb521e429]
GC Heap History (0 events):
No events

Dll operation events (1 events):
Event: 0.031 Loaded shared library C:\Program Files\Java\jdk-22\bin\java.dll

Deoptimization events (0 events):
No events

Classes loaded (0 events):
No events

Classes unloaded (0 events):
No events

Classes redefined (0 events):
No events

Internal exceptions (0 events):
No events

ZGC Phase Switch (0 events):
No events

VM Operations (0 events):
No events

Events (0 events):
No events


Dynamic libraries:
0x00007ff79a950000 - 0x00007ff79a960000 	C:\Program Files\Java\jdk-22\bin\java.exe
0x00007ff836cd0000 - 0x00007ff836ec8000 	C:\WINDOWS\SYSTEM32\ntdll.dll
0x00007ff836940000 - 0x00007ff8369fd000 	C:\WINDOWS\System32\KERNEL32.DLL
0x00007ff8346d0000 - 0x00007ff8349c6000 	C:\WINDOWS\System32\KERNELBASE.dll
0x00007ff800990000 - 0x00007ff800a6b000 	C:\Program Files\Bitdefender\Bitdefender Security\bdhkm\dlls_267023788134859910\bdhkm64.dll
0x00007ff8007a0000 - 0x00007ff800953000 	C:\Program Files\Bitdefender\Bitdefender Security\atcuf\dlls_267231492973165387\atcuf64.dll
0x00007ff834390000 - 0x00007ff834490000 	C:\WINDOWS\System32\ucrtbase.dll
0x00007ff81b920000 - 0x00007ff81b937000 	C:\Program Files\Java\jdk-22\bin\jli.dll
0x00007ff836880000 - 0x00007ff836930000 	C:\WINDOWS\System32\ADVAPI32.dll
0x00007ff8361d0000 - 0x00007ff83626e000 	C:\WINDOWS\System32\msvcrt.dll
0x00007ff835ca0000 - 0x00007ff835d40000 	C:\WINDOWS\System32\sechost.dll
0x00007ff835f80000 - 0x00007ff8360a3000 	C:\WINDOWS\System32\RPCRT4.dll
0x00007ff8345a0000 - 0x00007ff8345c7000 	C:\WINDOWS\System32\bcrypt.dll
0x00007ff836a00000 - 0x00007ff836b9f000 	C:\WINDOWS\System32\USER32.dll
0x00007ff834a60000 - 0x00007ff834a82000 	C:\WINDOWS\System32\win32u.dll
0x00007ff8362e0000 - 0x00007ff83630b000 	C:\WINDOWS\System32\GDI32.dll
0x00007ff834a90000 - 0x00007ff834ba7000 	C:\WINDOWS\System32\gdi32full.dll
0x00007ff834500000 - 0x00007ff83459d000 	C:\WINDOWS\System32\msvcp_win.dll
0x00007ff81b740000 - 0x00007ff81b75b000 	C:\Program Files\Java\jdk-22\bin\VCRUNTIME140.dll
0x00007ff833750000 - 0x00007ff8339ea000 	C:\WINDOWS\WinSxS\amd64_microsoft.windows.common-controls_6595b64144ccf1df_6.0.19041.4355_none_60b8b9eb71f62e16\COMCTL32.dll
0x00007ff831010000 - 0x00007ff83101a000 	C:\WINDOWS\SYSTEM32\VERSION.dll
0x00007ff834d90000 - 0x00007ff834dbf000 	C:\WINDOWS\System32\IMM32.DLL
0x00007ff82c570000 - 0x00007ff82c57c000 	C:\Program Files\Java\jdk-22\bin\vcruntime140_1.dll
0x00007ff8004c0000 - 0x00007ff80054e000 	C:\Program Files\Java\jdk-22\bin\msvcp140.dll
0x00007fffb4ae0000 - 0x00007fffb5827000 	C:\Program Files\Java\jdk-22\bin\server\jvm.dll
0x00007ff836270000 - 0x00007ff8362db000 	C:\WINDOWS\System32\WS2_32.dll
0x00007ff833f80000 - 0x00007ff833fcb000 	C:\WINDOWS\SYSTEM32\POWRPROF.dll
0x00007ff82ee30000 - 0x00007ff82ee57000 	C:\WINDOWS\SYSTEM32\WINMM.dll
0x00007ff8339f0000 - 0x00007ff833a02000 	C:\WINDOWS\SYSTEM32\UMPDC.dll
0x00007ff831ea0000 - 0x00007ff831eb2000 	C:\WINDOWS\SYSTEM32\kernel.appcore.dll
0x00007ff8222d0000 - 0x00007ff8222da000 	C:\Program Files\Java\jdk-22\bin\jimage.dll
0x00007ff833d90000 - 0x00007ff833f74000 	C:\WINDOWS\SYSTEM32\DBGHELP.DLL
0x00007ff833b20000 - 0x00007ff833b54000 	C:\WINDOWS\SYSTEM32\dbgcore.DLL
0x00007ff8349d0000 - 0x00007ff834a52000 	C:\WINDOWS\System32\bcryptPrimitives.dll
0x00007ff802a90000 - 0x00007ff802aae000 	C:\Program Files\Java\jdk-22\bin\java.dll
0x00007ff834ef0000 - 0x00007ff83565c000 	C:\WINDOWS\System32\SHELL32.dll
0x00007ff834dc0000 - 0x00007ff834eeb000 	C:\WINDOWS\System32\ole32.dll
0x00007ff835940000 - 0x00007ff835c93000 	C:\WINDOWS\System32\combase.dll

dbghelp: loaded successfully - version: 4.0.5 - missing functions: none
symbol engine: initialized successfully - sym options: 0x614 - pdb path: .;C:\Program Files\Java\jdk-22\bin;C:\WINDOWS\SYSTEM32;C:\Program Files\Bitdefender\Bitdefender Security\bdhkm\dlls_267023788134859910;C:\Program Files\Bitdefender\Bitdefender Security\atcuf\dlls_267231492973165387;C:\WINDOWS\WinSxS\amd64_microsoft.windows.common-controls_6595b64144ccf1df_6.0.19041.4355_none_60b8b9eb71f62e16;C:\Program Files\Java\jdk-22\bin\server

VM Arguments:
jvm_args: -Dnet.bytebuddy.agent.attacher.dump= 
java_command: net.bytebuddy.agent.Attacher com.sun.tools.attach.VirtualMachine 21216 C:\Users\darka\.m2\repository\net\bytebuddy\byte-buddy-agent\1.14.16\byte-buddy-agent-1.14.16.jar false 
java_class_path (initial): C:\Users\darka\.m2\repository\net\bytebuddy\byte-buddy-agent\1.14.16\byte-buddy-agent-1.14.16.jar
Launcher Type: SUN_STANDARD

[Global flags]
     intx CICompilerCount                          = 4                                         {product} {ergonomic}
     uint ConcGCThreads                            = 2                                         {product} {ergonomic}
     uint G1ConcRefinementThreads                  = 8                                         {product} {ergonomic}
   size_t G1HeapRegionSize                         = 2097152                                   {product} {ergonomic}
   size_t InitialHeapSize                          = 268435456                                 {product} {ergonomic}
   size_t MarkStackSize                            = 4194304                                   {product} {ergonomic}
   size_t MaxHeapSize                              = 4265607168                                {product} {ergonomic}
   size_t MinHeapDeltaBytes                        = 2097152                                   {product} {ergonomic}
   size_t MinHeapSize                              = 8388608                                   {product} {ergonomic}
    uintx NonNMethodCodeHeapSize                   = 5839372                                {pd product} {ergonomic}
    uintx NonProfiledCodeHeapSize                  = 122909434                              {pd product} {ergonomic}
    uintx ProfiledCodeHeapSize                     = 122909434                              {pd product} {ergonomic}
    uintx ReservedCodeCacheSize                    = 251658240                              {pd product} {ergonomic}
     bool SegmentedCodeCache                       = true                                      {product} {ergonomic}
   size_t SoftMaxHeapSize                          = 4265607168                             {manageable} {ergonomic}
     bool UseCompressedOops                        = true                           {product lp64_product} {ergonomic}
     bool UseG1GC                                  = true                                      {product} {ergonomic}
     bool UseLargePagesIndividualAllocation        = false                                  {pd product} {ergonomic}

Logging:
Log output configuration:
 #0: stdout all=warning uptime,level,tags foldmultilines=false
 #1: stderr all=off uptime,level,tags foldmultilines=false

Environment Variables:
PATH=C:/Users/darka/.p2/pool/plugins/org.eclipse.justj.openjdk.hotspot.jre.full.win32.x86_64_17.0.6.v20230204-1729/jre/bin/server;C:/Users/darka/.p2/pool/plugins/org.eclipse.justj.openjdk.hotspot.jre.full.win32.x86_64_17.0.6.v20230204-1729/jre/bin;C:\Program Files\Common Files\Oracle\Java\javapath;C:\Python312\Scripts\;C:\Python312\;C:\Windows\system32;C:\Windows;C:\Windows\System32\Wbem;C:\Windows\System32\WindowsPowerShell\v1.0\;C:\Windows\System32\OpenSSH\;C:\Program Files (x86)\NVIDIA Corporation\PhysX\Common;C:\Program Files\Intel\WiFi\bin\;C:\Program Files\Common Files\Intel\WirelessCommon\;C:\WINDOWS\system32;C:\WINDOWS;C:\WINDOWS\System32\Wbem;C:\WINDOWS\System32\WindowsPowerShell\v1.0\;C:\WINDOWS\System32\OpenSSH\;C:\Program Files\Microsoft SQL Server\150\Tools\Binn\;C:\Program Files\Microsoft SQL Server\Client SDK\ODBC\170\Tools\Binn\;C:\Program Files\dotnet\;C:\Program Files\PuTTY\;C:\WINDOWS\system32;C:\WINDOWS;C:\WINDOWS\System32\Wbem;C:\WINDOWS\System32\WindowsPowerShell\v1.0\;C:\WINDOWS\System32\OpenSSH\;C:\Program Files\nodejs\;C:\ProgramData\chocolatey\bin;C:\Users\darka\AppData\Local\Microsoft\WindowsApps;C:\Program Files\Intel\WiFi\bin\;C:\Program Files\Common Files\Intel\WirelessCommon\;C:\Users\darka\.dotnet\tools;;C:\Users\darka\AppData\Local\Programs\Microsoft VS Code\bin;C:\Users\darka\AppData\Roaming\npm;C:\Users\darka\eclipse\jee-2022-12\eclipse;
USERNAME=darka
OS=Windows_NT
PROCESSOR_IDENTIFIER=Intel64 Family 6 Model 71 Stepping 1, GenuineIntel
TMP=C:\Users\darka\AppData\Local\Temp
TEMP=C:\Users\darka\AppData\Local\Temp




Periodic native trim disabled

---------------  S Y S T E M  ---------------

OS:
 Windows 10 , 64 bit Build 19041 (10.0.19041.3636)
OS uptime: 6 days 3:45 hours

CPU: total 8 (initial active 8) (4 cores per cpu, 2 threads per core) family 6 model 71 stepping 1 microcode 0x20, cx8, cmov, fxsr, ht, mmx, 3dnowpref, sse, sse2, sse3, ssse3, sse4.1, sse4.2, popcnt, lzcnt, tsc, tscinvbit, avx, avx2, aes, erms, clmul, bmi1, bmi2, adx, fma, vzeroupper, clflush, rdtscp, f16c
Processor Information for all 8 processors :
  Max Mhz: 2701, Current Mhz: 2701, Mhz Limit: 2701

Memory: 4k page, system-wide physical 16266M (978M free)
TotalPageFile size 46000M (AvailPageFile size 205M)
current process WorkingSet (physical memory assigned to process): 14M, peak: 14M
current process commit charge ("private bytes"): 63M, peak: 319M

vm_info: Java HotSpot(TM) 64-Bit Server VM (22.0.1+8-16) for windows-amd64 JRE (22.0.1+8-16), built on 2024-03-12T10:33:16Z by "mach5one" with MS VC++ 17.6 (VS2022)

END.
